

Microchip MPLAB XC8 Assembler V2.31 build 20201012212115 
                                                                                               Wed Aug 11 14:26:22 2021

Microchip MPLAB XC8 C Compiler v2.31 (Free license) build 20201012212115 Og1 
     1                           	processor	16F887
     2                           	pagewidth 120
     3                           	opt	flic
     4                           	psect	cinit,global,class=CODE,merge=1,delta=2
     5                           	psect	bssCOMMON,global,class=COMMON,space=1,delta=1,noexec
     6                           	psect	cstackCOMMON,global,class=COMMON,space=1,delta=1,noexec
     7                           	psect	cstackBANK0,global,class=BANK0,space=1,delta=1,noexec
     8                           	psect	maintext,global,class=CODE,split=1,delta=2
     9                           	psect	text1,local,class=CODE,merge=1,delta=2
    10                           	psect	text2,local,class=CODE,merge=1,delta=2
    11                           	psect	text3,local,class=CODE,merge=1,delta=2,group=1
    12                           	psect	text4,local,class=CODE,merge=1,delta=2
    13                           	psect	text5,local,class=CODE,merge=1,delta=2
    14                           	psect	text6,local,class=CODE,merge=1,delta=2
    15                           	psect	text7,local,class=CODE,merge=1,delta=2
    16                           	psect	text8,local,class=CODE,merge=1,delta=2
    17                           	psect	text9,local,class=CODE,merge=1,delta=2
    18                           	psect	intentry,global,class=CODE,delta=2
    19                           	psect	config,global,abs,ovrld,class=CONFIG,space=4,delta=2,noexec
    20                           	dabs	1,0x7E,2
    21  0000                     
    22                           ; Version 2.20
    23                           ; Generated 12/02/2020 GMT
    24                           ; 
    25                           ; Copyright © 2020, Microchip Technology Inc. and its subsidiaries ("Microchip")
    26                           ; All rights reserved.
    27                           ; 
    28                           ; This software is developed by Microchip Technology Inc. and its subsidiaries ("Microch
      +                          ip").
    29                           ; 
    30                           ; Redistribution and use in source and binary forms, with or without modification, are
    31                           ; permitted provided that the following conditions are met:
    32                           ; 
    33                           ;     1. Redistributions of source code must retain the above copyright notice, this lis
      +                          t of
    34                           ;        conditions and the following disclaimer.
    35                           ; 
    36                           ;     2. Redistributions in binary form must reproduce the above copyright notice, this 
      +                          list
    37                           ;        of conditions and the following disclaimer in the documentation and/or other
    38                           ;        materials provided with the distribution.
    39                           ; 
    40                           ;     3. Microchip's name may not be used to endorse or promote products derived from th
      +                          is
    41                           ;        software without specific prior written permission.
    42                           ; 
    43                           ; THIS SOFTWARE IS PROVIDED BY MICROCHIP "AS IS" AND ANY EXPRESS OR IMPLIED WARRANTIES,
    44                           ; INCLUDING, BUT NOT LIMITED TO, THE IMPLIED WARRANTIES OF MERCHANTABILITY AND FITNESS F
      +                          OR
    45                           ; PURPOSE ARE DISCLAIMED.  IN NO EVENT SHALL MICROCHIP BE LIABLE FOR ANY DIRECT, INDIREC
      +                          T,
    46                           ; INCIDENTAL, SPECIAL, EXEMPLARY, OR CONSEQUENTIAL DAMAGES (INCLUDING BUT NOT LIMITED TO
    47                           ; PROCUREMENT OF SUBSTITUTE GOODS OR SERVICES; LOSS OF USE, DATA OR PROFITS; OR BUSINESS
    48                           ; INTERRUPTION) HOWSOEVER CAUSED AND ON ANY THEORY OF LIABILITY, WHETHER IN CONTRACT, ST
      +                          RICT
    49                           ; LIABILITY, OR TORT (INCLUDING NEGLIGENCE OR OTHERWISE) ARISING IN ANY WAY OUT OF THE U
      +                          SE OF
    50                           ; THIS SOFTWARE, EVEN IF ADVISED OF THE POSSIBILITY OF SUCH DAMAGE.
    51                           ; 
    52                           ; 
    53                           ; Code-generator required, PIC16F887 Definitions
    54                           ; 
    55                           ; SFR Addresses
    56  0000                     	;# 
    57  0001                     	;# 
    58  0002                     	;# 
    59  0003                     	;# 
    60  0004                     	;# 
    61  0005                     	;# 
    62  0006                     	;# 
    63  0007                     	;# 
    64  0008                     	;# 
    65  0009                     	;# 
    66  000A                     	;# 
    67  000B                     	;# 
    68  000C                     	;# 
    69  000D                     	;# 
    70  000E                     	;# 
    71  000E                     	;# 
    72  000F                     	;# 
    73  0010                     	;# 
    74  0011                     	;# 
    75  0012                     	;# 
    76  0013                     	;# 
    77  0014                     	;# 
    78  0015                     	;# 
    79  0015                     	;# 
    80  0016                     	;# 
    81  0017                     	;# 
    82  0018                     	;# 
    83  0019                     	;# 
    84  001A                     	;# 
    85  001B                     	;# 
    86  001B                     	;# 
    87  001C                     	;# 
    88  001D                     	;# 
    89  001E                     	;# 
    90  001F                     	;# 
    91  0081                     	;# 
    92  0085                     	;# 
    93  0086                     	;# 
    94  0087                     	;# 
    95  0088                     	;# 
    96  0089                     	;# 
    97  008C                     	;# 
    98  008D                     	;# 
    99  008E                     	;# 
   100  008F                     	;# 
   101  0090                     	;# 
   102  0091                     	;# 
   103  0092                     	;# 
   104  0093                     	;# 
   105  0093                     	;# 
   106  0093                     	;# 
   107  0094                     	;# 
   108  0095                     	;# 
   109  0096                     	;# 
   110  0097                     	;# 
   111  0098                     	;# 
   112  0099                     	;# 
   113  009A                     	;# 
   114  009B                     	;# 
   115  009C                     	;# 
   116  009D                     	;# 
   117  009E                     	;# 
   118  009F                     	;# 
   119  0105                     	;# 
   120  0107                     	;# 
   121  0108                     	;# 
   122  0109                     	;# 
   123  010C                     	;# 
   124  010C                     	;# 
   125  010D                     	;# 
   126  010E                     	;# 
   127  010F                     	;# 
   128  0185                     	;# 
   129  0187                     	;# 
   130  0188                     	;# 
   131  0189                     	;# 
   132  018C                     	;# 
   133  018D                     	;# 
   134  0000                     	;# 
   135  0001                     	;# 
   136  0002                     	;# 
   137  0003                     	;# 
   138  0004                     	;# 
   139  0005                     	;# 
   140  0006                     	;# 
   141  0007                     	;# 
   142  0008                     	;# 
   143  0009                     	;# 
   144  000A                     	;# 
   145  000B                     	;# 
   146  000C                     	;# 
   147  000D                     	;# 
   148  000E                     	;# 
   149  000E                     	;# 
   150  000F                     	;# 
   151  0010                     	;# 
   152  0011                     	;# 
   153  0012                     	;# 
   154  0013                     	;# 
   155  0014                     	;# 
   156  0015                     	;# 
   157  0015                     	;# 
   158  0016                     	;# 
   159  0017                     	;# 
   160  0018                     	;# 
   161  0019                     	;# 
   162  001A                     	;# 
   163  001B                     	;# 
   164  001B                     	;# 
   165  001C                     	;# 
   166  001D                     	;# 
   167  001E                     	;# 
   168  001F                     	;# 
   169  0081                     	;# 
   170  0085                     	;# 
   171  0086                     	;# 
   172  0087                     	;# 
   173  0088                     	;# 
   174  0089                     	;# 
   175  008C                     	;# 
   176  008D                     	;# 
   177  008E                     	;# 
   178  008F                     	;# 
   179  0090                     	;# 
   180  0091                     	;# 
   181  0092                     	;# 
   182  0093                     	;# 
   183  0093                     	;# 
   184  0093                     	;# 
   185  0094                     	;# 
   186  0095                     	;# 
   187  0096                     	;# 
   188  0097                     	;# 
   189  0098                     	;# 
   190  0099                     	;# 
   191  009A                     	;# 
   192  009B                     	;# 
   193  009C                     	;# 
   194  009D                     	;# 
   195  009E                     	;# 
   196  009F                     	;# 
   197  0105                     	;# 
   198  0107                     	;# 
   199  0108                     	;# 
   200  0109                     	;# 
   201  010C                     	;# 
   202  010C                     	;# 
   203  010D                     	;# 
   204  010E                     	;# 
   205  010F                     	;# 
   206  0185                     	;# 
   207  0187                     	;# 
   208  0188                     	;# 
   209  0189                     	;# 
   210  018C                     	;# 
   211  018D                     	;# 
   212  0000                     	;# 
   213  0001                     	;# 
   214  0002                     	;# 
   215  0003                     	;# 
   216  0004                     	;# 
   217  0005                     	;# 
   218  0006                     	;# 
   219  0007                     	;# 
   220  0008                     	;# 
   221  0009                     	;# 
   222  000A                     	;# 
   223  000B                     	;# 
   224  000C                     	;# 
   225  000D                     	;# 
   226  000E                     	;# 
   227  000E                     	;# 
   228  000F                     	;# 
   229  0010                     	;# 
   230  0011                     	;# 
   231  0012                     	;# 
   232  0013                     	;# 
   233  0014                     	;# 
   234  0015                     	;# 
   235  0015                     	;# 
   236  0016                     	;# 
   237  0017                     	;# 
   238  0018                     	;# 
   239  0019                     	;# 
   240  001A                     	;# 
   241  001B                     	;# 
   242  001B                     	;# 
   243  001C                     	;# 
   244  001D                     	;# 
   245  001E                     	;# 
   246  001F                     	;# 
   247  0081                     	;# 
   248  0085                     	;# 
   249  0086                     	;# 
   250  0087                     	;# 
   251  0088                     	;# 
   252  0089                     	;# 
   253  008C                     	;# 
   254  008D                     	;# 
   255  008E                     	;# 
   256  008F                     	;# 
   257  0090                     	;# 
   258  0091                     	;# 
   259  0092                     	;# 
   260  0093                     	;# 
   261  0093                     	;# 
   262  0093                     	;# 
   263  0094                     	;# 
   264  0095                     	;# 
   265  0096                     	;# 
   266  0097                     	;# 
   267  0098                     	;# 
   268  0099                     	;# 
   269  009A                     	;# 
   270  009B                     	;# 
   271  009C                     	;# 
   272  009D                     	;# 
   273  009E                     	;# 
   274  009F                     	;# 
   275  0105                     	;# 
   276  0107                     	;# 
   277  0108                     	;# 
   278  0109                     	;# 
   279  010C                     	;# 
   280  010C                     	;# 
   281  010D                     	;# 
   282  010E                     	;# 
   283  010F                     	;# 
   284  0185                     	;# 
   285  0187                     	;# 
   286  0188                     	;# 
   287  0189                     	;# 
   288  018C                     	;# 
   289  018D                     	;# 
   290  0013                     _SSPBUF	set	19
   291  0014                     _SSPCON	set	20
   292  0009                     _PORTE	set	9
   293  0007                     _PORTC	set	7
   294  0006                     _PORTB	set	6
   295  0005                     _PORTA	set	5
   296  0008                     _PORTD	set	8
   297  000B                     _INTCONbits	set	11
   298  0063                     _SSPIF	set	99
   299  005E                     _PEIE	set	94
   300  005F                     _GIE	set	95
   301  0091                     _SSPCON2bits	set	145
   302  0087                     _TRISCbits	set	135
   303  0094                     _SSPSTAT	set	148
   304  0093                     _SSPADD	set	147
   305  0091                     _SSPCON2	set	145
   306  008F                     _OSCCONbits	set	143
   307  0086                     _TRISB	set	134
   308  0089                     _TRISE	set	137
   309  0088                     _TRISD	set	136
   310  0085                     _TRISA	set	133
   311  0463                     _SSPIE	set	1123
   312  043C                     _TRISC4	set	1084
   313  043B                     _TRISC3	set	1083
   314  0189                     _ANSELH	set	393
   315  0188                     _ANSEL	set	392
   316                           
   317                           	psect	cinit
   318  000F                     start_initialization:	
   319                           ; #config settings
   320                           
   321  000F                     __initialization:
   322                           
   323                           ; Clear objects allocated to COMMON
   324  000F  01FA               	clrf	__pbssCOMMON& (0+127)
   325  0010  01FB               	clrf	(__pbssCOMMON+1)& (0+127)
   326  0011                     end_of_initialization:	
   327                           ;End of C runtime variable initialization code
   328                           
   329  0011                     __end_of__initialization:
   330  0011  0183               	clrf	3
   331  0012  120A  118A  28B5   	ljmp	_main	;jump to C main() function
   332                           
   333                           	psect	bssCOMMON
   334  007A                     __pbssCOMMON:
   335  007A                     _z:
   336  007A                     	ds	1
   337  007B                     _VALOR_ADC:
   338  007B                     	ds	1
   339                           
   340                           	psect	cstackCOMMON
   341  0070                     __pcstackCOMMON:
   342  0070                     ?_setup:
   343  0070                     ?_I2C_Master_Start:	
   344                           ; 1 bytes @ 0x0
   345                           
   346  0070                     ?_I2C_Master_Stop:	
   347                           ; 1 bytes @ 0x0
   348                           
   349  0070                     ?_isr:	
   350                           ; 1 bytes @ 0x0
   351                           
   352  0070                     ??_isr:	
   353                           ; 1 bytes @ 0x0
   354                           
   355  0070                     ?_main:	
   356                           ; 1 bytes @ 0x0
   357                           
   358  0070                     ?_I2C_Master_Wait:	
   359                           ; 1 bytes @ 0x0
   360                           
   361                           
   362                           ; 1 bytes @ 0x0
   363  0070                     	ds	2
   364  0072                     ??_I2C_Master_Start:
   365  0072                     ?_I2C_Master_Write:	
   366                           ; 1 bytes @ 0x2
   367                           
   368  0072                     ??_I2C_Master_Stop:	
   369                           ; 1 bytes @ 0x2
   370                           
   371  0072                     ??_I2C_Master_Wait:	
   372                           ; 1 bytes @ 0x2
   373                           
   374  0072                     ?_I2C_Master_Read:	
   375                           ; 1 bytes @ 0x2
   376                           
   377  0072                     ?___lldiv:	
   378                           ; 2 bytes @ 0x2
   379                           
   380  0072                     I2C_Master_Write@d:	
   381                           ; 4 bytes @ 0x2
   382                           
   383  0072                     I2C_Master_Read@a:	
   384                           ; 2 bytes @ 0x2
   385                           
   386  0072                     ___lldiv@divisor:	
   387                           ; 2 bytes @ 0x2
   388                           
   389                           
   390                           ; 4 bytes @ 0x2
   391  0072                     	ds	2
   392  0074                     ??_I2C_Master_Write:
   393  0074                     ??_I2C_Master_Read:	
   394                           ; 1 bytes @ 0x4
   395                           
   396                           
   397                           ; 1 bytes @ 0x4
   398  0074                     	ds	2
   399  0076                     I2C_Master_Read@temp:
   400  0076                     ___lldiv@dividend:	
   401                           ; 2 bytes @ 0x6
   402                           
   403                           
   404                           ; 4 bytes @ 0x6
   405  0076                     	ds	4
   406  007A                     ??_setup:
   407                           
   408                           	psect	cstackBANK0
   409  0020                     __pcstackBANK0:	
   410                           ; 1 bytes @ 0xA
   411                           
   412  0020                     ??___lldiv:
   413                           
   414                           ; 1 bytes @ 0x0
   415  0020                     	ds	1
   416  0021                     ___lldiv@quotient:
   417                           
   418                           ; 4 bytes @ 0x1
   419  0021                     	ds	4
   420  0025                     ___lldiv@counter:
   421                           
   422                           ; 1 bytes @ 0x5
   423  0025                     	ds	1
   424  0026                     ?_I2C_Master_Init:
   425  0026                     I2C_Master_Init@c:	
   426                           ; 1 bytes @ 0x6
   427                           
   428                           
   429                           ; 4 bytes @ 0x6
   430  0026                     	ds	4
   431  002A                     ??_I2C_Master_Init:
   432                           
   433                           ; 1 bytes @ 0xA
   434  002A                     	ds	4
   435  002E                     ??_main:
   436                           
   437                           ; 1 bytes @ 0xE
   438  002E                     	ds	3
   439                           
   440                           	psect	maintext
   441  00B5                     __pmaintext:	
   442 ;;
   443 ;;Main: autosize = 0, tempsize = 3, incstack = 0, save=0
   444 ;;
   445 ;; *************** function _main *****************
   446 ;; Defined at:
   447 ;;		line 60 in file "main.c"
   448 ;; Parameters:    Size  Location     Type
   449 ;;		None
   450 ;; Auto vars:     Size  Location     Type
   451 ;;		None
   452 ;; Return value:  Size  Location     Type
   453 ;;                  1    wreg      void 
   454 ;; Registers used:
   455 ;;		wreg, status,2, status,0, pclath, cstack
   456 ;; Tracked objects:
   457 ;;		On entry : B00/0
   458 ;;		On exit  : 0/0
   459 ;;		Unchanged: 0/0
   460 ;; Data sizes:     COMMON   BANK0   BANK1   BANK3   BANK2
   461 ;;      Params:         0       0       0       0       0
   462 ;;      Locals:         0       0       0       0       0
   463 ;;      Temps:          0       3       0       0       0
   464 ;;      Totals:         0       3       0       0       0
   465 ;;Total ram usage:        3 bytes
   466 ;; Hardware stack levels required when called:    4
   467 ;; This function calls:
   468 ;;		_I2C_Master_Read
   469 ;;		_I2C_Master_Start
   470 ;;		_I2C_Master_Stop
   471 ;;		_I2C_Master_Write
   472 ;;		_setup
   473 ;; This function is called by:
   474 ;;		Startup code after reset
   475 ;; This function uses a non-reentrant model
   476 ;;
   477                           
   478                           
   479                           ;psect for function _main
   480  00B5                     _main:
   481  00B5                     l943:	
   482                           ;incstack = 0
   483                           ; Regs used in _main: [wreg+status,2+status,0+pclath+cstack]
   484                           
   485  00B5  120A  118A  211A  120A  118A  	fcall	_setup
   486  00BA                     l54:
   487  00BA  120A  118A  2163  120A  118A  	fcall	_I2C_Master_Start
   488  00BF  3071               	movlw	113
   489  00C0  00F2               	movwf	I2C_Master_Write@d
   490  00C1  3000               	movlw	0
   491  00C2  00F3               	movwf	I2C_Master_Write@d+1
   492  00C3  120A  118A  2150  120A  118A  	fcall	_I2C_Master_Write
   493  00C8  3000               	movlw	0
   494  00C9  00F2               	movwf	I2C_Master_Read@a
   495  00CA  00F3               	movwf	I2C_Master_Read@a+1
   496  00CB  120A  118A  20EC  120A  118A  	fcall	_I2C_Master_Read
   497  00D0  0872               	movf	?_I2C_Master_Read,w
   498  00D1  1283               	bcf	3,5	;RP0=0, select bank0
   499  00D2  1303               	bcf	3,6	;RP1=0, select bank0
   500  00D3  0088               	movwf	8	;volatile
   501  00D4  120A  118A  215A  120A  118A  	fcall	_I2C_Master_Stop
   502  00D9                     l945:
   503  00D9  3003               	movlw	3
   504  00DA  1283               	bcf	3,5	;RP0=0, select bank0
   505  00DB  1303               	bcf	3,6	;RP1=0, select bank0
   506  00DC  00B0               	movwf	??_main+2
   507  00DD  3008               	movlw	8
   508  00DE  00AF               	movwf	??_main+1
   509  00DF  3076               	movlw	118
   510  00E0  00AE               	movwf	??_main
   511  00E1                     u297:
   512  00E1  0BAE               	decfsz	??_main,f
   513  00E2  28E1               	goto	u297
   514  00E3  0BAF               	decfsz	??_main+1,f
   515  00E4  28E1               	goto	u297
   516  00E5  0BB0               	decfsz	??_main+2,f
   517  00E6  28E1               	goto	u297
   518  00E7  0000               	nop
   519  00E8  28BA               	goto	l54
   520  00E9  120A  118A  280C   	ljmp	start
   521  00EC                     __end_of_main:
   522                           
   523                           	psect	text1
   524  011A                     __ptext1:	
   525 ;; *************** function _setup *****************
   526 ;; Defined at:
   527 ;;		line 72 in file "main.c"
   528 ;; Parameters:    Size  Location     Type
   529 ;;		None
   530 ;; Auto vars:     Size  Location     Type
   531 ;;		None
   532 ;; Return value:  Size  Location     Type
   533 ;;                  1    wreg      void 
   534 ;; Registers used:
   535 ;;		wreg, status,2, status,0, pclath, cstack
   536 ;; Tracked objects:
   537 ;;		On entry : 0/0
   538 ;;		On exit  : 0/0
   539 ;;		Unchanged: 0/0
   540 ;; Data sizes:     COMMON   BANK0   BANK1   BANK3   BANK2
   541 ;;      Params:         0       0       0       0       0
   542 ;;      Locals:         0       0       0       0       0
   543 ;;      Temps:          0       0       0       0       0
   544 ;;      Totals:         0       0       0       0       0
   545 ;;Total ram usage:        0 bytes
   546 ;; Hardware stack levels used:    1
   547 ;; Hardware stack levels required when called:    3
   548 ;; This function calls:
   549 ;;		_I2C_Master_Init
   550 ;; This function is called by:
   551 ;;		_main
   552 ;; This function uses a non-reentrant model
   553 ;;
   554                           
   555                           
   556                           ;psect for function _setup
   557  011A                     _setup:
   558  011A                     l927:	
   559                           ;incstack = 0
   560                           ; Regs used in _setup: [wreg+status,2+status,0+pclath+cstack]
   561                           
   562  011A  1683               	bsf	3,5	;RP0=1, select bank3
   563  011B  1703               	bsf	3,6	;RP1=1, select bank3
   564  011C  0188               	clrf	8	;volatile
   565  011D  0189               	clrf	9	;volatile
   566  011E  1683               	bsf	3,5	;RP0=1, select bank1
   567  011F  1303               	bcf	3,6	;RP1=0, select bank1
   568  0120  0185               	clrf	5	;volatile
   569  0121  0188               	clrf	8	;volatile
   570  0122  0189               	clrf	9	;volatile
   571  0123  0186               	clrf	6	;volatile
   572  0124  1283               	bcf	3,5	;RP0=0, select bank0
   573  0125  1303               	bcf	3,6	;RP1=0, select bank0
   574  0126  0185               	clrf	5	;volatile
   575  0127  0186               	clrf	6	;volatile
   576  0128  0187               	clrf	7	;volatile
   577  0129  0188               	clrf	8	;volatile
   578  012A  0189               	clrf	9	;volatile
   579  012B                     l929:
   580  012B  1683               	bsf	3,5	;RP0=1, select bank1
   581  012C  1303               	bcf	3,6	;RP1=0, select bank1
   582  012D  170F               	bsf	15,6	;volatile
   583  012E                     l931:
   584  012E  168F               	bsf	15,5	;volatile
   585  012F                     l933:
   586  012F  160F               	bsf	15,4	;volatile
   587  0130                     l935:
   588  0130  140F               	bsf	15,0	;volatile
   589  0131                     l937:
   590  0131  138B               	bcf	11,7	;volatile
   591  0132                     l939:
   592  0132  130B               	bcf	11,6	;volatile
   593  0133                     l941:
   594  0133  3000               	movlw	0
   595  0134  1283               	bcf	3,5	;RP0=0, select bank0
   596  0135  1303               	bcf	3,6	;RP1=0, select bank0
   597  0136  00A9               	movwf	I2C_Master_Init@c+3
   598  0137  3001               	movlw	1
   599  0138  00A8               	movwf	I2C_Master_Init@c+2
   600  0139  3086               	movlw	134
   601  013A  00A7               	movwf	I2C_Master_Init@c+1
   602  013B  30A0               	movlw	160
   603  013C  00A6               	movwf	I2C_Master_Init@c
   604  013D  120A  118A  207D  120A  118A  	fcall	_I2C_Master_Init
   605  0142                     l60:
   606  0142  0008               	return
   607  0143                     __end_of_setup:
   608                           
   609                           	psect	text2
   610  007D                     __ptext2:	
   611 ;; *************** function _I2C_Master_Init *****************
   612 ;; Defined at:
   613 ;;		line 16 in file "../SLAVE_I2C.X/I2C.c"
   614 ;; Parameters:    Size  Location     Type
   615 ;;  c               4    6[BANK0 ] const unsigned long 
   616 ;; Auto vars:     Size  Location     Type
   617 ;;		None
   618 ;; Return value:  Size  Location     Type
   619 ;;                  1    wreg      void 
   620 ;; Registers used:
   621 ;;		wreg, status,2, status,0, pclath, cstack
   622 ;; Tracked objects:
   623 ;;		On entry : 0/0
   624 ;;		On exit  : 0/0
   625 ;;		Unchanged: 0/0
   626 ;; Data sizes:     COMMON   BANK0   BANK1   BANK3   BANK2
   627 ;;      Params:         0       4       0       0       0
   628 ;;      Locals:         0       0       0       0       0
   629 ;;      Temps:          0       4       0       0       0
   630 ;;      Totals:         0       8       0       0       0
   631 ;;Total ram usage:        8 bytes
   632 ;; Hardware stack levels used:    1
   633 ;; Hardware stack levels required when called:    2
   634 ;; This function calls:
   635 ;;		___lldiv
   636 ;; This function is called by:
   637 ;;		_setup
   638 ;; This function uses a non-reentrant model
   639 ;;
   640                           
   641                           
   642                           ;psect for function _I2C_Master_Init
   643  007D                     _I2C_Master_Init:
   644  007D                     l915:	
   645                           ;incstack = 0
   646                           ; Regs used in _I2C_Master_Init: [wreg+status,2+status,0+pclath+cstack]
   647                           
   648                           
   649                           ;../SLAVE_I2C.X/I2C.c: 16: void I2C_Master_Init(const unsigned long c);../SLAVE_I2C.X/I2
      +                          C.c: 17: {;../SLAVE_I2C.X/I2C.c: 18:     SSPCON = 0b00101000;
   650  007D  3028               	movlw	40
   651  007E  1283               	bcf	3,5	;RP0=0, select bank0
   652  007F  1303               	bcf	3,6	;RP1=0, select bank0
   653  0080  0094               	movwf	20	;volatile
   654  0081                     l917:
   655                           
   656                           ;../SLAVE_I2C.X/I2C.c: 19:     SSPCON2 = 0;
   657  0081  1683               	bsf	3,5	;RP0=1, select bank1
   658  0082  1303               	bcf	3,6	;RP1=0, select bank1
   659  0083  0191               	clrf	17	;volatile
   660  0084                     l919:
   661                           
   662                           ;../SLAVE_I2C.X/I2C.c: 20:     SSPADD = (8000000/(4*c))-1;
   663  0084  1283               	bcf	3,5	;RP0=0, select bank0
   664  0085  1303               	bcf	3,6	;RP1=0, select bank0
   665  0086  0826               	movf	I2C_Master_Init@c,w
   666  0087  00AA               	movwf	??_I2C_Master_Init
   667  0088  0827               	movf	I2C_Master_Init@c+1,w
   668  0089  00AB               	movwf	??_I2C_Master_Init+1
   669  008A  0828               	movf	I2C_Master_Init@c+2,w
   670  008B  00AC               	movwf	??_I2C_Master_Init+2
   671  008C  0829               	movf	I2C_Master_Init@c+3,w
   672  008D  00AD               	movwf	??_I2C_Master_Init+3
   673  008E  3002               	movlw	2
   674  008F                     u285:
   675  008F  1003               	clrc
   676  0090  0DAA               	rlf	??_I2C_Master_Init,f
   677  0091  0DAB               	rlf	??_I2C_Master_Init+1,f
   678  0092  0DAC               	rlf	??_I2C_Master_Init+2,f
   679  0093  0DAD               	rlf	??_I2C_Master_Init+3,f
   680  0094                     u280:
   681  0094  3EFF               	addlw	-1
   682  0095  1D03               	skipz
   683  0096  288F               	goto	u285
   684  0097  082D               	movf	??_I2C_Master_Init+3,w
   685  0098  00F5               	movwf	___lldiv@divisor+3
   686  0099  082C               	movf	??_I2C_Master_Init+2,w
   687  009A  00F4               	movwf	___lldiv@divisor+2
   688  009B  082B               	movf	??_I2C_Master_Init+1,w
   689  009C  00F3               	movwf	___lldiv@divisor+1
   690  009D  082A               	movf	??_I2C_Master_Init,w
   691  009E  00F2               	movwf	___lldiv@divisor
   692  009F  3000               	movlw	0
   693  00A0  00F9               	movwf	___lldiv@dividend+3
   694  00A1  307A               	movlw	122
   695  00A2  00F8               	movwf	___lldiv@dividend+2
   696  00A3  3012               	movlw	18
   697  00A4  00F7               	movwf	___lldiv@dividend+1
   698  00A5  3000               	movlw	0
   699  00A6  00F6               	movwf	___lldiv@dividend
   700  00A7  120A  118A  2015  120A  118A  	fcall	___lldiv
   701  00AC  0872               	movf	?___lldiv,w
   702  00AD  3EFF               	addlw	255
   703  00AE  1683               	bsf	3,5	;RP0=1, select bank1
   704  00AF  1303               	bcf	3,6	;RP1=0, select bank1
   705  00B0  0093               	movwf	19	;volatile
   706  00B1                     l921:
   707                           
   708                           ;../SLAVE_I2C.X/I2C.c: 21:     SSPSTAT = 0;
   709  00B1  0194               	clrf	20	;volatile
   710  00B2                     l923:
   711                           
   712                           ;../SLAVE_I2C.X/I2C.c: 22:     TRISCbits.TRISC3 = 1;
   713  00B2  1587               	bsf	7,3	;volatile
   714  00B3                     l925:
   715                           
   716                           ;../SLAVE_I2C.X/I2C.c: 23:     TRISCbits.TRISC4 = 1;
   717  00B3  1607               	bsf	7,4	;volatile
   718  00B4                     l89:
   719  00B4  0008               	return
   720  00B5                     __end_of_I2C_Master_Init:
   721                           
   722                           	psect	text3
   723  0015                     __ptext3:	
   724 ;; *************** function ___lldiv *****************
   725 ;; Defined at:
   726 ;;		line 5 in file "C:\Program Files\Microchip\xc8\v2.31\pic\sources\c90\common\__lldiv.c"
   727 ;; Parameters:    Size  Location     Type
   728 ;;  divisor         4    2[COMMON] unsigned long 
   729 ;;  dividend        4    6[COMMON] unsigned long 
   730 ;; Auto vars:     Size  Location     Type
   731 ;;  quotient        4    1[BANK0 ] unsigned long 
   732 ;;  counter         1    5[BANK0 ] unsigned char 
   733 ;; Return value:  Size  Location     Type
   734 ;;                  4    2[COMMON] unsigned long 
   735 ;; Registers used:
   736 ;;		wreg, status,2, status,0
   737 ;; Tracked objects:
   738 ;;		On entry : 0/0
   739 ;;		On exit  : 0/0
   740 ;;		Unchanged: 0/0
   741 ;; Data sizes:     COMMON   BANK0   BANK1   BANK3   BANK2
   742 ;;      Params:         8       0       0       0       0
   743 ;;      Locals:         0       5       0       0       0
   744 ;;      Temps:          0       1       0       0       0
   745 ;;      Totals:         8       6       0       0       0
   746 ;;Total ram usage:       14 bytes
   747 ;; Hardware stack levels used:    1
   748 ;; Hardware stack levels required when called:    1
   749 ;; This function calls:
   750 ;;		Nothing
   751 ;; This function is called by:
   752 ;;		_I2C_Master_Init
   753 ;; This function uses a non-reentrant model
   754 ;;
   755                           
   756                           
   757                           ;psect for function ___lldiv
   758  0015                     ___lldiv:
   759  0015                     l891:	
   760                           ;incstack = 0
   761                           ; Regs used in ___lldiv: [wreg+status,2+status,0]
   762                           
   763  0015  3000               	movlw	0
   764  0016  1283               	bcf	3,5	;RP0=0, select bank0
   765  0017  1303               	bcf	3,6	;RP1=0, select bank0
   766  0018  00A4               	movwf	___lldiv@quotient+3
   767  0019  3000               	movlw	0
   768  001A  00A3               	movwf	___lldiv@quotient+2
   769  001B  3000               	movlw	0
   770  001C  00A2               	movwf	___lldiv@quotient+1
   771  001D  3000               	movlw	0
   772  001E  00A1               	movwf	___lldiv@quotient
   773  001F  0875               	movf	___lldiv@divisor+3,w
   774  0020  0474               	iorwf	___lldiv@divisor+2,w
   775  0021  0473               	iorwf	___lldiv@divisor+1,w
   776  0022  0472               	iorwf	___lldiv@divisor,w
   777  0023  1903               	skipnz
   778  0024  2826               	goto	u211
   779  0025  2827               	goto	u210
   780  0026                     u211:
   781  0026  2874               	goto	l911
   782  0027                     u210:
   783  0027                     l893:
   784  0027  01A5               	clrf	___lldiv@counter
   785  0028  0AA5               	incf	___lldiv@counter,f
   786  0029  2837               	goto	l897
   787  002A                     l895:
   788  002A  3001               	movlw	1
   789  002B  00A0               	movwf	??___lldiv
   790  002C                     u225:
   791  002C  1003               	clrc
   792  002D  0DF2               	rlf	___lldiv@divisor,f
   793  002E  0DF3               	rlf	___lldiv@divisor+1,f
   794  002F  0DF4               	rlf	___lldiv@divisor+2,f
   795  0030  0DF5               	rlf	___lldiv@divisor+3,f
   796  0031  0BA0               	decfsz	??___lldiv,f
   797  0032  282C               	goto	u225
   798  0033  3001               	movlw	1
   799  0034  00A0               	movwf	??___lldiv
   800  0035  0820               	movf	??___lldiv,w
   801  0036  07A5               	addwf	___lldiv@counter,f
   802  0037                     l897:
   803  0037  1FF5               	btfss	___lldiv@divisor+3,7
   804  0038  283A               	goto	u231
   805  0039  283B               	goto	u230
   806  003A                     u231:
   807  003A  282A               	goto	l895
   808  003B                     u230:
   809  003B                     l899:
   810  003B  3001               	movlw	1
   811  003C  00A0               	movwf	??___lldiv
   812  003D                     u245:
   813  003D  1003               	clrc
   814  003E  0DA1               	rlf	___lldiv@quotient,f
   815  003F  0DA2               	rlf	___lldiv@quotient+1,f
   816  0040  0DA3               	rlf	___lldiv@quotient+2,f
   817  0041  0DA4               	rlf	___lldiv@quotient+3,f
   818  0042  0BA0               	decfsz	??___lldiv,f
   819  0043  283D               	goto	u245
   820  0044                     l901:
   821  0044  0875               	movf	___lldiv@divisor+3,w
   822  0045  0279               	subwf	___lldiv@dividend+3,w
   823  0046  1D03               	skipz
   824  0047  2852               	goto	u255
   825  0048  0874               	movf	___lldiv@divisor+2,w
   826  0049  0278               	subwf	___lldiv@dividend+2,w
   827  004A  1D03               	skipz
   828  004B  2852               	goto	u255
   829  004C  0873               	movf	___lldiv@divisor+1,w
   830  004D  0277               	subwf	___lldiv@dividend+1,w
   831  004E  1D03               	skipz
   832  004F  2852               	goto	u255
   833  0050  0872               	movf	___lldiv@divisor,w
   834  0051  0276               	subwf	___lldiv@dividend,w
   835  0052                     u255:
   836  0052  1C03               	skipc
   837  0053  2855               	goto	u251
   838  0054  2856               	goto	u250
   839  0055                     u251:
   840  0055  2865               	goto	l907
   841  0056                     u250:
   842  0056                     l903:
   843  0056  0872               	movf	___lldiv@divisor,w
   844  0057  02F6               	subwf	___lldiv@dividend,f
   845  0058  0873               	movf	___lldiv@divisor+1,w
   846  0059  1C03               	skipc
   847  005A  0F73               	incfsz	___lldiv@divisor+1,w
   848  005B  02F7               	subwf	___lldiv@dividend+1,f
   849  005C  0874               	movf	___lldiv@divisor+2,w
   850  005D  1C03               	skipc
   851  005E  0F74               	incfsz	___lldiv@divisor+2,w
   852  005F  02F8               	subwf	___lldiv@dividend+2,f
   853  0060  0875               	movf	___lldiv@divisor+3,w
   854  0061  1C03               	skipc
   855  0062  0F75               	incfsz	___lldiv@divisor+3,w
   856  0063  02F9               	subwf	___lldiv@dividend+3,f
   857  0064                     l905:
   858  0064  1421               	bsf	___lldiv@quotient,0
   859  0065                     l907:
   860  0065  3001               	movlw	1
   861  0066                     u265:
   862  0066  1003               	clrc
   863  0067  0CF5               	rrf	___lldiv@divisor+3,f
   864  0068  0CF4               	rrf	___lldiv@divisor+2,f
   865  0069  0CF3               	rrf	___lldiv@divisor+1,f
   866  006A  0CF2               	rrf	___lldiv@divisor,f
   867  006B  3EFF               	addlw	-1
   868  006C  1D03               	skipz
   869  006D  2866               	goto	u265
   870  006E                     l909:
   871  006E  3001               	movlw	1
   872  006F  02A5               	subwf	___lldiv@counter,f
   873  0070  1D03               	btfss	3,2
   874  0071  2873               	goto	u271
   875  0072  2874               	goto	u270
   876  0073                     u271:
   877  0073  283B               	goto	l899
   878  0074                     u270:
   879  0074                     l911:
   880  0074  0824               	movf	___lldiv@quotient+3,w
   881  0075  00F5               	movwf	?___lldiv+3
   882  0076  0823               	movf	___lldiv@quotient+2,w
   883  0077  00F4               	movwf	?___lldiv+2
   884  0078  0822               	movf	___lldiv@quotient+1,w
   885  0079  00F3               	movwf	?___lldiv+1
   886  007A  0821               	movf	___lldiv@quotient,w
   887  007B  00F2               	movwf	?___lldiv
   888  007C                     l237:
   889  007C  0008               	return
   890  007D                     __end_of___lldiv:
   891                           
   892                           	psect	text4
   893  0150                     __ptext4:	
   894 ;; *************** function _I2C_Master_Write *****************
   895 ;; Defined at:
   896 ;;		line 65 in file "../SLAVE_I2C.X/I2C.c"
   897 ;; Parameters:    Size  Location     Type
   898 ;;  d               2    2[COMMON] unsigned int 
   899 ;; Auto vars:     Size  Location     Type
   900 ;;		None
   901 ;; Return value:  Size  Location     Type
   902 ;;                  1    wreg      void 
   903 ;; Registers used:
   904 ;;		wreg, status,2, status,0, pclath, cstack
   905 ;; Tracked objects:
   906 ;;		On entry : 0/0
   907 ;;		On exit  : 0/0
   908 ;;		Unchanged: 0/0
   909 ;; Data sizes:     COMMON   BANK0   BANK1   BANK3   BANK2
   910 ;;      Params:         2       0       0       0       0
   911 ;;      Locals:         0       0       0       0       0
   912 ;;      Temps:          0       0       0       0       0
   913 ;;      Totals:         2       0       0       0       0
   914 ;;Total ram usage:        2 bytes
   915 ;; Hardware stack levels used:    1
   916 ;; Hardware stack levels required when called:    2
   917 ;; This function calls:
   918 ;;		_I2C_Master_Wait
   919 ;; This function is called by:
   920 ;;		_main
   921 ;; This function uses a non-reentrant model
   922 ;;
   923                           
   924                           
   925                           ;psect for function _I2C_Master_Write
   926  0150                     _I2C_Master_Write:
   927  0150                     l867:	
   928                           ;incstack = 0
   929                           ; Regs used in _I2C_Master_Write: [wreg+status,2+status,0+pclath+cstack]
   930                           
   931                           
   932                           ;../SLAVE_I2C.X/I2C.c: 65: void I2C_Master_Write(unsigned d);../SLAVE_I2C.X/I2C.c: 66: {
      +                          ;../SLAVE_I2C.X/I2C.c: 67:     I2C_Master_Wait();
   933  0150  120A  118A  2143  120A  118A  	fcall	_I2C_Master_Wait
   934  0155                     l869:
   935                           
   936                           ;../SLAVE_I2C.X/I2C.c: 68:     SSPBUF = d;
   937  0155  0872               	movf	I2C_Master_Write@d,w
   938  0156  1283               	bcf	3,5	;RP0=0, select bank0
   939  0157  1303               	bcf	3,6	;RP1=0, select bank0
   940  0158  0093               	movwf	19	;volatile
   941  0159                     l107:
   942  0159  0008               	return
   943  015A                     __end_of_I2C_Master_Write:
   944                           
   945                           	psect	text5
   946  015A                     __ptext5:	
   947 ;; *************** function _I2C_Master_Stop *****************
   948 ;; Defined at:
   949 ;;		line 55 in file "../SLAVE_I2C.X/I2C.c"
   950 ;; Parameters:    Size  Location     Type
   951 ;;		None
   952 ;; Auto vars:     Size  Location     Type
   953 ;;		None
   954 ;; Return value:  Size  Location     Type
   955 ;;                  1    wreg      void 
   956 ;; Registers used:
   957 ;;		wreg, status,2, status,0, pclath, cstack
   958 ;; Tracked objects:
   959 ;;		On entry : 0/0
   960 ;;		On exit  : 0/0
   961 ;;		Unchanged: 0/0
   962 ;; Data sizes:     COMMON   BANK0   BANK1   BANK3   BANK2
   963 ;;      Params:         0       0       0       0       0
   964 ;;      Locals:         0       0       0       0       0
   965 ;;      Temps:          0       0       0       0       0
   966 ;;      Totals:         0       0       0       0       0
   967 ;;Total ram usage:        0 bytes
   968 ;; Hardware stack levels used:    1
   969 ;; Hardware stack levels required when called:    2
   970 ;; This function calls:
   971 ;;		_I2C_Master_Wait
   972 ;; This function is called by:
   973 ;;		_main
   974 ;; This function uses a non-reentrant model
   975 ;;
   976                           
   977                           
   978                           ;psect for function _I2C_Master_Stop
   979  015A                     _I2C_Master_Stop:
   980  015A                     l787:	
   981                           ;incstack = 0
   982                           ; Regs used in _I2C_Master_Stop: [wreg+status,2+status,0+pclath+cstack]
   983                           
   984                           
   985                           ;../SLAVE_I2C.X/I2C.c: 57:     I2C_Master_Wait();
   986  015A  120A  118A  2143  120A  118A  	fcall	_I2C_Master_Wait
   987  015F                     l789:
   988                           
   989                           ;../SLAVE_I2C.X/I2C.c: 58:     SSPCON2bits.PEN = 1;
   990  015F  1683               	bsf	3,5	;RP0=1, select bank1
   991  0160  1303               	bcf	3,6	;RP1=0, select bank1
   992  0161  1511               	bsf	17,2	;volatile
   993  0162                     l104:
   994  0162  0008               	return
   995  0163                     __end_of_I2C_Master_Stop:
   996                           
   997                           	psect	text6
   998  0163                     __ptext6:	
   999 ;; *************** function _I2C_Master_Start *****************
  1000 ;; Defined at:
  1001 ;;		line 39 in file "../SLAVE_I2C.X/I2C.c"
  1002 ;; Parameters:    Size  Location     Type
  1003 ;;		None
  1004 ;; Auto vars:     Size  Location     Type
  1005 ;;		None
  1006 ;; Return value:  Size  Location     Type
  1007 ;;                  1    wreg      void 
  1008 ;; Registers used:
  1009 ;;		wreg, status,2, status,0, pclath, cstack
  1010 ;; Tracked objects:
  1011 ;;		On entry : 0/0
  1012 ;;		On exit  : 0/0
  1013 ;;		Unchanged: 0/0
  1014 ;; Data sizes:     COMMON   BANK0   BANK1   BANK3   BANK2
  1015 ;;      Params:         0       0       0       0       0
  1016 ;;      Locals:         0       0       0       0       0
  1017 ;;      Temps:          0       0       0       0       0
  1018 ;;      Totals:         0       0       0       0       0
  1019 ;;Total ram usage:        0 bytes
  1020 ;; Hardware stack levels used:    1
  1021 ;; Hardware stack levels required when called:    2
  1022 ;; This function calls:
  1023 ;;		_I2C_Master_Wait
  1024 ;; This function is called by:
  1025 ;;		_main
  1026 ;; This function uses a non-reentrant model
  1027 ;;
  1028                           
  1029                           
  1030                           ;psect for function _I2C_Master_Start
  1031  0163                     _I2C_Master_Start:
  1032  0163                     l763:	
  1033                           ;incstack = 0
  1034                           ; Regs used in _I2C_Master_Start: [wreg+status,2+status,0+pclath+cstack]
  1035                           
  1036                           
  1037                           ;../SLAVE_I2C.X/I2C.c: 41:     I2C_Master_Wait();
  1038  0163  120A  118A  2143  120A  118A  	fcall	_I2C_Master_Wait
  1039  0168                     l765:
  1040                           
  1041                           ;../SLAVE_I2C.X/I2C.c: 42:     SSPCON2bits.SEN = 1;
  1042  0168  1683               	bsf	3,5	;RP0=1, select bank1
  1043  0169  1303               	bcf	3,6	;RP1=0, select bank1
  1044  016A  1411               	bsf	17,0	;volatile
  1045  016B                     l98:
  1046  016B  0008               	return
  1047  016C                     __end_of_I2C_Master_Start:
  1048                           
  1049                           	psect	text7
  1050  00EC                     __ptext7:	
  1051 ;; *************** function _I2C_Master_Read *****************
  1052 ;; Defined at:
  1053 ;;		line 74 in file "../SLAVE_I2C.X/I2C.c"
  1054 ;; Parameters:    Size  Location     Type
  1055 ;;  a               2    2[COMMON] unsigned short 
  1056 ;; Auto vars:     Size  Location     Type
  1057 ;;  temp            2    6[COMMON] unsigned short 
  1058 ;; Return value:  Size  Location     Type
  1059 ;;                  2    2[COMMON] unsigned short 
  1060 ;; Registers used:
  1061 ;;		wreg, status,2, status,0, pclath, cstack
  1062 ;; Tracked objects:
  1063 ;;		On entry : 0/0
  1064 ;;		On exit  : 0/0
  1065 ;;		Unchanged: 0/0
  1066 ;; Data sizes:     COMMON   BANK0   BANK1   BANK3   BANK2
  1067 ;;      Params:         2       0       0       0       0
  1068 ;;      Locals:         2       0       0       0       0
  1069 ;;      Temps:          2       0       0       0       0
  1070 ;;      Totals:         6       0       0       0       0
  1071 ;;Total ram usage:        6 bytes
  1072 ;; Hardware stack levels used:    1
  1073 ;; Hardware stack levels required when called:    2
  1074 ;; This function calls:
  1075 ;;		_I2C_Master_Wait
  1076 ;; This function is called by:
  1077 ;;		_main
  1078 ;; This function uses a non-reentrant model
  1079 ;;
  1080                           
  1081                           
  1082                           ;psect for function _I2C_Master_Read
  1083  00EC                     _I2C_Master_Read:
  1084  00EC                     l871:	
  1085                           ;incstack = 0
  1086                           ; Regs used in _I2C_Master_Read: [wreg+status,2+status,0+pclath+cstack]
  1087                           
  1088                           
  1089                           ;../SLAVE_I2C.X/I2C.c: 74: unsigned short I2C_Master_Read(unsigned short a);../SLAVE_I2C
      +                          .X/I2C.c: 75: {;../SLAVE_I2C.X/I2C.c: 76:     unsigned short temp;;../SLAVE_I2C.X/I2C.c:
      +                           77:     I2C_Master_Wait();
  1090  00EC  120A  118A  2143  120A  118A  	fcall	_I2C_Master_Wait
  1091  00F1                     l873:
  1092                           
  1093                           ;../SLAVE_I2C.X/I2C.c: 78:     SSPCON2bits.RCEN = 1;
  1094  00F1  1683               	bsf	3,5	;RP0=1, select bank1
  1095  00F2  1303               	bcf	3,6	;RP1=0, select bank1
  1096  00F3  1591               	bsf	17,3	;volatile
  1097                           
  1098                           ;../SLAVE_I2C.X/I2C.c: 79:     I2C_Master_Wait();
  1099  00F4  120A  118A  2143  120A  118A  	fcall	_I2C_Master_Wait
  1100  00F9                     l875:
  1101                           
  1102                           ;../SLAVE_I2C.X/I2C.c: 80:     temp = SSPBUF;
  1103  00F9  1283               	bcf	3,5	;RP0=0, select bank0
  1104  00FA  1303               	bcf	3,6	;RP1=0, select bank0
  1105  00FB  0813               	movf	19,w	;volatile
  1106  00FC  00F4               	movwf	??_I2C_Master_Read
  1107  00FD  01F5               	clrf	??_I2C_Master_Read+1
  1108  00FE  0874               	movf	??_I2C_Master_Read,w
  1109  00FF  00F6               	movwf	I2C_Master_Read@temp
  1110  0100  0875               	movf	??_I2C_Master_Read+1,w
  1111  0101  00F7               	movwf	I2C_Master_Read@temp+1
  1112  0102                     l877:
  1113                           
  1114                           ;../SLAVE_I2C.X/I2C.c: 81:     I2C_Master_Wait();
  1115  0102  120A  118A  2143  120A  118A  	fcall	_I2C_Master_Wait
  1116  0107                     l879:
  1117                           
  1118                           ;../SLAVE_I2C.X/I2C.c: 82:     if(a == 1){
  1119  0107  0372               	decf	I2C_Master_Read@a,w
  1120  0108  0473               	iorwf	I2C_Master_Read@a+1,w
  1121  0109  1D03               	btfss	3,2
  1122  010A  290C               	goto	u201
  1123  010B  290D               	goto	u200
  1124  010C                     u201:
  1125  010C  2911               	goto	l110
  1126  010D                     u200:
  1127  010D                     l881:
  1128                           
  1129                           ;../SLAVE_I2C.X/I2C.c: 83:         SSPCON2bits.ACKDT = 0;
  1130  010D  1683               	bsf	3,5	;RP0=1, select bank1
  1131  010E  1303               	bcf	3,6	;RP1=0, select bank1
  1132  010F  1291               	bcf	17,5	;volatile
  1133                           
  1134                           ;../SLAVE_I2C.X/I2C.c: 84:     }else{
  1135  0110  2914               	goto	l111
  1136  0111                     l110:
  1137                           
  1138                           ;../SLAVE_I2C.X/I2C.c: 85:         SSPCON2bits.ACKDT = 1;
  1139  0111  1683               	bsf	3,5	;RP0=1, select bank1
  1140  0112  1303               	bcf	3,6	;RP1=0, select bank1
  1141  0113  1691               	bsf	17,5	;volatile
  1142  0114                     l111:	
  1143                           ;../SLAVE_I2C.X/I2C.c: 86:     }
  1144                           
  1145                           
  1146                           ;../SLAVE_I2C.X/I2C.c: 87:     SSPCON2bits.ACKEN = 1;
  1147  0114  1611               	bsf	17,4	;volatile
  1148  0115                     l883:
  1149                           
  1150                           ;../SLAVE_I2C.X/I2C.c: 88:     return temp;
  1151  0115  0877               	movf	I2C_Master_Read@temp+1,w
  1152  0116  00F3               	movwf	?_I2C_Master_Read+1
  1153  0117  0876               	movf	I2C_Master_Read@temp,w
  1154  0118  00F2               	movwf	?_I2C_Master_Read
  1155  0119                     l112:
  1156  0119  0008               	return
  1157  011A                     __end_of_I2C_Master_Read:
  1158                           
  1159                           	psect	text8
  1160  0143                     __ptext8:	
  1161 ;; *************** function _I2C_Master_Wait *****************
  1162 ;; Defined at:
  1163 ;;		line 32 in file "../SLAVE_I2C.X/I2C.c"
  1164 ;; Parameters:    Size  Location     Type
  1165 ;;		None
  1166 ;; Auto vars:     Size  Location     Type
  1167 ;;		None
  1168 ;; Return value:  Size  Location     Type
  1169 ;;                  1    wreg      void 
  1170 ;; Registers used:
  1171 ;;		wreg, status,2
  1172 ;; Tracked objects:
  1173 ;;		On entry : 0/0
  1174 ;;		On exit  : 0/0
  1175 ;;		Unchanged: 0/0
  1176 ;; Data sizes:     COMMON   BANK0   BANK1   BANK3   BANK2
  1177 ;;      Params:         0       0       0       0       0
  1178 ;;      Locals:         0       0       0       0       0
  1179 ;;      Temps:          0       0       0       0       0
  1180 ;;      Totals:         0       0       0       0       0
  1181 ;;Total ram usage:        0 bytes
  1182 ;; Hardware stack levels used:    1
  1183 ;; Hardware stack levels required when called:    1
  1184 ;; This function calls:
  1185 ;;		Nothing
  1186 ;; This function is called by:
  1187 ;;		_I2C_Master_Start
  1188 ;;		_I2C_Master_Stop
  1189 ;;		_I2C_Master_Write
  1190 ;;		_I2C_Master_Read
  1191 ;;		_I2C_Master_RepeatedStart
  1192 ;; This function uses a non-reentrant model
  1193 ;;
  1194                           
  1195                           
  1196                           ;psect for function _I2C_Master_Wait
  1197  0143                     _I2C_Master_Wait:
  1198  0143                     l743:	
  1199                           ;incstack = 0
  1200                           ; Regs used in _I2C_Master_Wait: [wreg+status,2]
  1201                           
  1202  0143                     l92:	
  1203                           ;../SLAVE_I2C.X/I2C.c: 34:     while ((SSPSTAT & 0x04) || (SSPCON2 & 0x1F));
  1204                           
  1205  0143  1683               	bsf	3,5	;RP0=1, select bank1
  1206  0144  1303               	bcf	3,6	;RP1=0, select bank1
  1207  0145  1914               	btfsc	20,2	;volatile
  1208  0146  2948               	goto	u91
  1209  0147  2949               	goto	u90
  1210  0148                     u91:
  1211  0148  2943               	goto	l92
  1212  0149                     u90:
  1213  0149                     l745:
  1214  0149  0811               	movf	17,w	;volatile
  1215  014A  391F               	andlw	31
  1216  014B  1D03               	btfss	3,2
  1217  014C  294E               	goto	u101
  1218  014D  294F               	goto	u100
  1219  014E                     u101:
  1220  014E  2943               	goto	l92
  1221  014F                     u100:
  1222  014F                     l95:
  1223  014F  0008               	return
  1224  0150                     __end_of_I2C_Master_Wait:
  1225                           
  1226                           	psect	text9
  1227  016C                     __ptext9:	
  1228 ;; *************** function _isr *****************
  1229 ;; Defined at:
  1230 ;;		line 55 in file "main.c"
  1231 ;; Parameters:    Size  Location     Type
  1232 ;;		None
  1233 ;; Auto vars:     Size  Location     Type
  1234 ;;		None
  1235 ;; Return value:  Size  Location     Type
  1236 ;;                  1    wreg      void 
  1237 ;; Registers used:
  1238 ;;		None
  1239 ;; Tracked objects:
  1240 ;;		On entry : 0/0
  1241 ;;		On exit  : 0/0
  1242 ;;		Unchanged: 0/0
  1243 ;; Data sizes:     COMMON   BANK0   BANK1   BANK3   BANK2
  1244 ;;      Params:         0       0       0       0       0
  1245 ;;      Locals:         0       0       0       0       0
  1246 ;;      Temps:          2       0       0       0       0
  1247 ;;      Totals:         2       0       0       0       0
  1248 ;;Total ram usage:        2 bytes
  1249 ;; Hardware stack levels used:    1
  1250 ;; This function calls:
  1251 ;;		Nothing
  1252 ;; This function is called by:
  1253 ;;		Interrupt level 1
  1254 ;; This function uses a non-reentrant model
  1255 ;;
  1256                           
  1257                           
  1258                           ;psect for function _isr
  1259  016C                     _isr:
  1260  016C                     i1l791:
  1261  016C  138B               	bcf	11,7	;volatile
  1262  016D  178B               	bsf	11,7	;volatile
  1263  016E                     i1l49:
  1264  016E  0871               	movf	??_isr+1,w
  1265  016F  008A               	movwf	10
  1266  0170  0E70               	swapf	??_isr,w
  1267  0171  0083               	movwf	3
  1268  0172  0EFE               	swapf	btemp,f
  1269  0173  0E7E               	swapf	btemp,w
  1270  0174  0009               	retfie
  1271  0175                     __end_of_isr:
  1272  007E                     btemp	set	126	;btemp
  1273  007E                     wtemp0	set	126
  1274                           
  1275                           	psect	intentry
  1276  0004                     __pintentry:	
  1277                           ;incstack = 0
  1278                           ; Regs used in _isr: []
  1279                           
  1280  0004                     interrupt_function:
  1281  007E                     saved_w	set	btemp
  1282  0004  00FE               	movwf	btemp
  1283  0005  0E03               	swapf	3,w
  1284  0006  00F0               	movwf	??_isr
  1285  0007  080A               	movf	10,w
  1286  0008  00F1               	movwf	??_isr+1
  1287  0009  120A  118A  296C   	ljmp	_isr
  1288                           
  1289                           	psect	config
  1290                           
  1291                           ;Config register CONFIG1 @ 0x2007
  1292                           ;	Oscillator Selection bits
  1293                           ;	FOSC = INTRC_NOCLKOUT, INTOSCIO oscillator: I/O function on RA6/OSC2/CLKOUT pin, I/O f
      +                          unction on RA7/OSC1/CLKIN
  1294                           ;	Watchdog Timer Enable bit
  1295                           ;	WDTE = OFF, WDT disabled and can be enabled by SWDTEN bit of the WDTCON register
  1296                           ;	Power-up Timer Enable bit
  1297                           ;	PWRTE = ON, PWRT enabled
  1298                           ;	RE3/MCLR pin function select bit
  1299                           ;	MCLRE = OFF, RE3/MCLR pin function is digital input, MCLR internally tied to VDD
  1300                           ;	Code Protection bit
  1301                           ;	CP = OFF, Program memory code protection is disabled
  1302                           ;	Data Code Protection bit
  1303                           ;	CPD = OFF, Data memory code protection is disabled
  1304                           ;	Brown Out Reset Selection bits
  1305                           ;	BOREN = OFF, BOR disabled
  1306                           ;	Internal External Switchover bit
  1307                           ;	IESO = OFF, Internal/External Switchover mode is disabled
  1308                           ;	Fail-Safe Clock Monitor Enabled bit
  1309                           ;	FCMEN = OFF, Fail-Safe Clock Monitor is disabled
  1310                           ;	Low Voltage Programming Enable bit
  1311                           ;	LVP = OFF, RB3 pin has digital I/O, HV on MCLR must be used for programming
  1312                           ;	In-Circuit Debugger Mode bit
  1313                           ;	DEBUG = 0x1, unprogrammed default
  1314  2007                     	org	8199
  1315  2007  20C4               	dw	8388
  1316                           
  1317                           ;Config register CONFIG2 @ 0x2008
  1318                           ;	Brown-out Reset Selection bit
  1319                           ;	BOR4V = BOR40V, Brown-out Reset set to 4.0V
  1320                           ;	Flash Program Memory Self Write Enable bits
  1321                           ;	WRT = OFF, Write protection off
  1322  2008                     	org	8200
  1323  2008  3FFF               	dw	16383

Data Sizes:
    Strings     0
    Constant    0
    Data        0
    BSS         2
    Persistent  0
    Stack       0

Auto Spaces:
    Space          Size  Autos    Used
    COMMON           14     10      12
    BANK0            80     17      17
    BANK1            80      0       0
    BANK3            96      0       0
    BANK2            96      0       0

Pointer List with Targets:

    None.

Critical Paths under _main in COMMON

    _I2C_Master_Init->___lldiv

Critical Paths under _isr in COMMON

    None.

Critical Paths under _main in BANK0

    _setup->_I2C_Master_Init
    _I2C_Master_Init->___lldiv

Critical Paths under _isr in BANK0

    None.

Critical Paths under _main in BANK1

    None.

Critical Paths under _isr in BANK1

    None.

Critical Paths under _main in BANK3

    None.

Critical Paths under _isr in BANK3

    None.

Critical Paths under _main in BANK2

    None.

Critical Paths under _isr in BANK2

    None.

Call Graph Tables:

 ---------------------------------------------------------------------------------
 (Depth) Function   	        Calls       Base Space   Used Autos Params    Refs
 ---------------------------------------------------------------------------------
 (0) _main                                                 3     3      0     761
                                             14 BANK0      3     3      0
                    _I2C_Master_Read
                   _I2C_Master_Start
                    _I2C_Master_Stop
                   _I2C_Master_Write
                              _setup
 ---------------------------------------------------------------------------------
 (1) _setup                                                0     0      0     542
                    _I2C_Master_Init
 ---------------------------------------------------------------------------------
 (2) _I2C_Master_Init                                      8     4      4     542
                                              6 BANK0      8     4      4
                            ___lldiv
 ---------------------------------------------------------------------------------
 (3) ___lldiv                                             14     6      8     421
                                              2 COMMON     8     0      8
                                              0 BANK0      6     6      0
 ---------------------------------------------------------------------------------
 (1) _I2C_Master_Write                                     2     0      2      98
                                              2 COMMON     2     0      2
                    _I2C_Master_Wait
 ---------------------------------------------------------------------------------
 (1) _I2C_Master_Stop                                      0     0      0       0
                    _I2C_Master_Wait
 ---------------------------------------------------------------------------------
 (1) _I2C_Master_Start                                     0     0      0       0
                    _I2C_Master_Wait
 ---------------------------------------------------------------------------------
 (1) _I2C_Master_Read                                      6     4      2     121
                                              2 COMMON     6     4      2
                    _I2C_Master_Wait
 ---------------------------------------------------------------------------------
 (2) _I2C_Master_Wait                                      0     0      0       0
 ---------------------------------------------------------------------------------
 Estimated maximum stack depth 3
 ---------------------------------------------------------------------------------
 (Depth) Function   	        Calls       Base Space   Used Autos Params    Refs
 ---------------------------------------------------------------------------------
 (4) _isr                                                  2     2      0       0
                                              0 COMMON     2     2      0
 ---------------------------------------------------------------------------------
 Estimated maximum stack depth 4
 ---------------------------------------------------------------------------------

 Call Graph Graphs:

 _main (ROOT)
   _I2C_Master_Read
     _I2C_Master_Wait
   _I2C_Master_Start
     _I2C_Master_Wait
   _I2C_Master_Stop
     _I2C_Master_Wait
   _I2C_Master_Write
     _I2C_Master_Wait
   _setup
     _I2C_Master_Init
       ___lldiv

 _isr (ROOT)

 Address spaces:
Name               Size   Autos  Total    Cost      Usage
BITCOMMON            E      0       0       0        0.0%
EEDATA             100      0       0       0        0.0%
NULL                 0      0       0       0        0.0%
CODE                 0      0       0       0        0.0%
COMMON               E      A       C       1       85.7%
BITSFR0              0      0       0       1        0.0%
SFR0                 0      0       0       1        0.0%
BITSFR1              0      0       0       2        0.0%
SFR1                 0      0       0       2        0.0%
STACK                0      0       0       2        0.0%
ABS                  0      0      1D       3        0.0%
BITBANK0            50      0       0       4        0.0%
BITSFR3              0      0       0       4        0.0%
SFR3                 0      0       0       4        0.0%
BANK0               50     11      11       5       21.2%
BITSFR2              0      0       0       5        0.0%
SFR2                 0      0       0       5        0.0%
BITBANK1            50      0       0       6        0.0%
BANK1               50      0       0       7        0.0%
BITBANK3            60      0       0       8        0.0%
BANK3               60      0       0       9        0.0%
BITBANK2            60      0       0      10        0.0%
BANK2               60      0       0      11        0.0%
DATA                 0      0      1D      12        0.0%


Microchip Technology PIC Macro Assembler V2.31 build 20201012212115 
Symbol Table                                                                                   Wed Aug 11 14:26:22 2021

                        _z 007A                         l60 0142                         l54 00BA  
                       l92 0143                         l95 014F                         l89 00B4  
                       l98 016B                         u90 0149                         u91 0148  
                      l110 0111                        l111 0114                        l112 0119  
                      l104 0162                        l107 0159                        l237 007C  
                      l901 0044                        l743 0143                        l903 0056  
                      l911 0074                        l745 0149                        l905 0064  
                      l921 00B1                        l763 0163                        l907 0065  
                      l923 00B2                        l915 007D                        l931 012E  
                      l765 0168                        l909 006E                        l925 00B3  
                      l917 0081                        l941 0133                        l933 012F  
                      l871 00EC                        l919 0084                        l935 0130  
                      l927 011A                        l943 00B5                        l881 010D  
                      l873 00F1                        l937 0131                        l929 012B  
                      l945 00D9                        l883 0115                        l875 00F9  
                      l787 015A                        l867 0150                        l891 0015  
                      l939 0132                        l877 0102                        l789 015F  
                      l869 0155                        l893 0027                        l879 0107  
                      l895 002A                        l897 0037                        l899 003B  
                      _GIE 005F                        u100 014F                        u101 014E  
                      u200 010D                        u201 010C                        u210 0027  
                      u211 0026                        u230 003B                        u231 003A  
                      u225 002C                        u250 0056                        u251 0055  
                      u245 003D                        u270 0074                        u271 0073  
                      u255 0052                        u280 0094                        u265 0066  
                      u285 008F                        u297 00E1                        _isr 016C  
                     ?_isr 0070                       _PEIE 005E                       i1l49 016E  
                     _main 00B5                       btemp 007E                       start 000C  
                    ??_isr 0070           ?_I2C_Master_Init 0026           ?_I2C_Master_Read 0072  
         ?_I2C_Master_Wait 0070           ?_I2C_Master_Stop 0070                      ?_main 0070  
                    _ANSEL 0188            __end_of___lldiv 007D                      i1l791 016C  
                    _PORTA 0005                      _PORTB 0006                      _PORTC 0007  
                    _PORTD 0008                      _PORTE 0009                      _TRISA 0085  
                    _TRISB 0086                      _TRISD 0088                      _SSPIE 0463  
                    _TRISE 0089                      _SSPIF 0063                      _setup 011A  
                    pclath 000A                      status 0003                      wtemp0 007E  
          __initialization 000F               __end_of_main 00EC                     ??_main 002E  
        ?_I2C_Master_Start 0070          ?_I2C_Master_Write 0072         ??_I2C_Master_Start 0072  
       ??_I2C_Master_Write 0074                     ?_setup 0070                     _ANSELH 0189  
                   _SSPADD 0093                     _TRISC3 043B                     _TRISC4 043C  
                   _SSPCON 0014                     _SSPBUF 0013                  ??___lldiv 0020  
                   saved_w 007E    __end_of__initialization 0011             __pcstackCOMMON 0070  
            __end_of_setup 0143                    ??_setup 007A                 __pmaintext 00B5  
               __pintentry 0004                    _SSPCON2 0091                    _SSPSTAT 0094  
                  ___lldiv 0015                    __ptext1 011A                    __ptext2 007D  
                  __ptext3 0015                    __ptext4 0150                    __ptext5 015A  
                  __ptext6 0163                    __ptext7 00EC                    __ptext8 0143  
                  __ptext9 016C               __size_of_isr 0009   __size_of_I2C_Master_Init 0038  
 __size_of_I2C_Master_Read 002E   __size_of_I2C_Master_Wait 000D   __size_of_I2C_Master_Stop 0009  
     end_of_initialization 0011  __size_of_I2C_Master_Start 0009  __size_of_I2C_Master_Write 000A  
          ___lldiv@divisor 0072            ___lldiv@counter 0025           I2C_Master_Init@c 0026  
         I2C_Master_Read@a 0072                  _VALOR_ADC 007B                  _TRISCbits 0087  
      start_initialization 000F                __end_of_isr 0175          ??_I2C_Master_Init 002A  
        ??_I2C_Master_Read 0074          ??_I2C_Master_Wait 0072          ??_I2C_Master_Stop 0072  
              __pbssCOMMON 007A                  ___latbits 0002              __pcstackBANK0 0020  
         _I2C_Master_Start 0163           _I2C_Master_Write 0150                   ?___lldiv 0072  
           __size_of_setup 0029          interrupt_function 0004        I2C_Master_Read@temp 0076  
         __size_of___lldiv 0068            _I2C_Master_Init 007D            _I2C_Master_Read 00EC  
          _I2C_Master_Wait 0143            _I2C_Master_Stop 015A              __size_of_main 0037  
 __end_of_I2C_Master_Start 016C   __end_of_I2C_Master_Write 015A                 _INTCONbits 000B  
                 intlevel1 0000           ___lldiv@dividend 0076                 _OSCCONbits 008F  
  __end_of_I2C_Master_Init 00B5    __end_of_I2C_Master_Read 011A    __end_of_I2C_Master_Wait 0150  
  __end_of_I2C_Master_Stop 0163           ___lldiv@quotient 0021          I2C_Master_Write@d 0072  
              _SSPCON2bits 0091  
